<?xml version="1.0" encoding="UTF-8"?>
<testng-results skipped="0" failed="0" ignored="0" total="1" passed="1">
  <reporter-output>
  </reporter-output>
  <suite name="Default suite" duration-ms="7780" started-at="2021-12-13T07:18:58Z" finished-at="2021-12-13T07:19:06Z">
    <groups>
    </groups>
    <test name="Default test" duration-ms="7780" started-at="2021-12-13T07:18:58Z" finished-at="2021-12-13T07:19:06Z">
      <class name="singletonPatternTest.PageTest">
        <test-method status="PASS" signature="setup()[pri:0, instance:singletonPatternTest.PageTest@5f341870]" name="setup" is-config="true" duration-ms="5467" started-at="2021-12-13T07:18:58Z" finished-at="2021-12-13T07:19:04Z">
          <reporter-output>
          </reporter-output>
        </test-method> <!-- setup -->
        <test-method status="PASS" signature="testMethod1()[pri:0, instance:singletonPatternTest.PageTest@5f341870]" name="testMethod1" duration-ms="1637" started-at="2021-12-13T07:19:04Z" finished-at="2021-12-13T07:19:05Z">
          <reporter-output>
          </reporter-output>
        </test-method> <!-- testMethod1 -->
        <test-method status="PASS" signature="teeardown()[pri:0, instance:singletonPatternTest.PageTest@5f341870]" name="teeardown" is-config="true" duration-ms="621" started-at="2021-12-13T07:19:05Z" finished-at="2021-12-13T07:19:06Z">
          <reporter-output>
          </reporter-output>
        </test-method> <!-- teeardown -->
      </class> <!-- singletonPatternTest.PageTest -->
    </test> <!-- Default test -->
  </suite> <!-- Default suite -->
</testng-results>
